<?xml version="1.0" encoding="utf-8"?><testsuites name="pytest tests"><testsuite name="pytest" errors="0" failures="0" skipped="0" tests="5" time="18.769" timestamp="2026-04-20T15:11:54.610017+00:00" hostname="agent-env-2351c6e1-0ed9-4db1-99ff-10a370f59035"><testcase classname="backend.tests.test_ghostwriter" name="test_health" time="0.229" /><testcase classname="backend.tests.test_ghostwriter" name="test_ghostwriter_requires_auth" time="0.113" /><testcase classname="backend.tests.test_ghostwriter" name="test_ghostwriter_validation_missing_fields" time="0.315" /><testcase classname="backend.tests.test_ghostwriter" name="test_ghostwriter_generate_flash" time="3.874" /><testcase classname="backend.tests.test_ghostwriter" name="test_ghostwriter_generate_pro" time="14.131" /></testsuite></testsuites>